2025-10-05 20:16:09,558 - INFO - Initializing BarTutor (grok=False)
2025-10-05 20:16:13,964 - INFO - Advanced ML performance analyzer initialized
2025-10-05 20:16:14,920 - INFO - NetworkX graph analyzer initialized
2025-10-05 20:16:14,920 - INFO - Elite Memory Palace System 'Bar Exam' initialized successfully
2025-10-05 20:16:14,921 - INFO - Elite memory loaded
2025-10-05 20:16:15,007 - INFO - Pedagogy engine loaded
2025-10-05 20:19:20,909 - INFO - Initializing BarTutor (grok=False)
2025-10-05 20:19:27,397 - INFO - Advanced ML performance analyzer initialized
2025-10-05 20:19:27,984 - INFO - NetworkX graph analyzer initialized
2025-10-05 20:19:27,984 - INFO - Elite Memory Palace System 'Bar Exam' initialized successfully
2025-10-05 20:19:27,984 - INFO - Elite memory loaded
2025-10-05 20:19:27,990 - INFO - Pedagogy engine loaded
2025-10-05 20:19:28,415 - INFO - Advanced ML performance analyzer initialized
2025-10-05 20:19:28,416 - INFO - NetworkX graph analyzer initialized
2025-10-05 20:19:28,416 - INFO - Elite Memory Palace System 'SystemConfig(name='Bar Exam Champion', dimensions=(100, 100, 10), max_locations_per_palace=100, encoding_channels=9, neural_network_enabled=False, adaptive_difficulty=True, performance_tracking=True, championship_mode=True, vr_export_enabled=False)' initialized successfully
2025-10-05 20:20:18,351 - INFO - Initializing BarTutor (grok=False)
2025-10-05 20:20:19,480 - INFO - Advanced ML performance analyzer initialized
2025-10-05 20:20:19,589 - INFO - NetworkX graph analyzer initialized
2025-10-05 20:20:19,589 - INFO - Elite Memory Palace System 'Bar Exam' initialized successfully
2025-10-05 20:20:19,589 - INFO - Elite memory loaded
2025-10-05 20:20:19,591 - INFO - Pedagogy engine loaded
2025-10-05 20:20:19,919 - INFO - Advanced ML performance analyzer initialized
2025-10-05 20:20:19,920 - INFO - NetworkX graph analyzer initialized
2025-10-05 20:20:19,920 - INFO - Elite Memory Palace System 'SystemConfig(name='Bar Exam Champion', dimensions=(100, 100, 10), max_locations_per_palace=100, encoding_channels=9, neural_network_enabled=False, adaptive_difficulty=True, performance_tracking=True, championship_mode=True, vr_export_enabled=False)' initialized successfully
2025-10-05 20:20:19,920 - INFO - Initializing BarTutor (grok=False)
2025-10-05 20:20:20,275 - INFO - Advanced ML performance analyzer initialized
2025-10-05 20:20:20,275 - INFO - NetworkX graph analyzer initialized
2025-10-05 20:20:20,275 - INFO - Elite Memory Palace System 'Bar Exam' initialized successfully
2025-10-05 20:20:20,275 - INFO - Elite memory loaded
2025-10-05 20:20:20,275 - INFO - Pedagogy engine loaded
2025-10-05 20:21:33,476 - INFO - Initializing BarTutor (grok=False)
2025-10-05 20:21:35,385 - INFO - Advanced ML performance analyzer initialized
2025-10-05 20:21:35,825 - INFO - NetworkX graph analyzer initialized
2025-10-05 20:21:35,826 - INFO - Elite Memory Palace System 'Bar Exam' initialized successfully
2025-10-05 20:21:35,826 - INFO - Elite memory loaded
2025-10-05 20:21:35,829 - INFO - Pedagogy engine loaded
2025-10-05 20:21:36,234 - INFO - Advanced ML performance analyzer initialized
2025-10-05 20:21:36,234 - INFO - NetworkX graph analyzer initialized
2025-10-05 20:21:36,234 - INFO - Elite Memory Palace System 'SystemConfig(name='Bar Exam Champion', dimensions=(100, 100, 10), max_locations_per_palace=100, encoding_channels=9, neural_network_enabled=False, adaptive_difficulty=True, performance_tracking=True, championship_mode=True, vr_export_enabled=False)' initialized successfully
2025-10-05 20:46:59,726 - INFO - Initializing Unified Bar Exam Tutor v4.0
2025-10-05 20:46:59,727 - INFO - Tutor initialized successfully
2025-10-05 20:46:59,727 - ERROR - Fatal error: EOF when reading a line
Traceback (most recent call last):
  File "/Users/bcwelling/Documents/GitHub/first-rep/test_tutor.py", line 872, in main
    tutor.run_menu()
    ~~~~~~~~~~~~~~^^
  File "/Users/bcwelling/Documents/GitHub/first-rep/test_tutor.py", line 795, in run_menu
    choice = input("\nSelect: ").strip()
             ~~~~~^^^^^^^^^^^^^^
EOFError: EOF when reading a line
2025-10-05 20:52:32,224 - INFO - Initializing Unified Bar Exam Tutor v4.0
2025-10-05 20:52:32,225 - INFO - Tutor initialized successfully
2025-10-05 21:25:49,642 - INFO - Initializing Unified Bar Exam Tutor v4.0
2025-10-05 21:25:49,643 - INFO - Tutor initialized successfully
2025-10-05 21:31:09,222 - INFO - Initializing Unified Bar Exam Tutor v4.0
2025-10-05 21:31:09,223 - INFO - Tutor initialized successfully
2025-10-05 21:33:51,198 - INFO - Initializing Unified Bar Exam Tutor v4.0
2025-10-05 21:33:51,198 - INFO - Tutor initialized successfully
2025-10-05 21:33:51,198 - ERROR - Fatal error: EOF when reading a line
Traceback (most recent call last):
  File "/Users/bcwelling/Documents/GitHub/first-rep/test_tutor.py", line 872, in main
    tutor.run_menu()
    ~~~~~~~~~~~~~~^^
  File "/Users/bcwelling/Documents/GitHub/first-rep/test_tutor.py", line 795, in run_menu
    choice = input("\nSelect: ").strip()
             ~~~~~^^^^^^^^^^^^^^
EOFError: EOF when reading a line
2025-10-05 21:42:37,248 - INFO - Initializing Unified Bar Exam Tutor v4.0
2025-10-05 21:42:37,249 - INFO - Tutor initialized successfully
2025-10-05 21:43:51,691 - INFO - Initializing Unified Bar Exam Tutor v4.0
2025-10-05 21:43:51,692 - INFO - Tutor initialized successfully
2025-10-05 21:50:17,390 - INFO - Initializing Unified Bar Exam Tutor v4.0
2025-10-05 21:50:17,390 - INFO - Tutor initialized successfully
2025-10-05 21:50:17,390 - ERROR - Fatal error: EOF when reading a line
Traceback (most recent call last):
  File "/Users/bcwelling/Documents/GitHub/first-rep/bar_tutor_unified.py", line 869, in main
    tutor.run_menu()
    ~~~~~~~~~~~~~~^^
  File "/Users/bcwelling/Documents/GitHub/first-rep/bar_tutor_unified.py", line 792, in run_menu
    choice = input("\nSelect: ").strip()
             ~~~~~^^^^^^^^^^^^^^
EOFError: EOF when reading a line
2025-10-05 21:50:34,004 - INFO - Initializing Unified Bar Exam Tutor v4.0
2025-10-05 21:50:34,004 - INFO - Tutor initialized successfully
2025-10-05 21:54:34,636 - INFO - Initializing Unified Bar Exam Tutor v4.0
2025-10-05 21:54:34,637 - INFO - Tutor initialized successfully
2025-10-05 21:54:42,974 - INFO - Initializing Unified Bar Exam Tutor v4.0
2025-10-05 21:54:42,974 - INFO - Tutor initialized successfully
2025-10-05 21:55:27,985 - INFO - Initializing Unified Bar Exam Tutor v4.0
2025-10-05 21:55:27,985 - INFO - Tutor initialized successfully
2025-10-05 22:00:08,548 - INFO - Initializing Unified Bar Exam Tutor v4.0
2025-10-05 22:00:08,549 - INFO - Tutor initialized successfully
2025-10-05 22:00:12,444 - INFO - Initializing Unified Bar Exam Tutor v4.0
2025-10-05 22:00:12,444 - INFO - Tutor initialized successfully
2025-10-05 22:01:33,278 - INFO - Initializing Unified Bar Exam Tutor v4.0
2025-10-05 22:01:33,278 - INFO - Tutor initialized successfully
2025-10-05 22:01:35,522 - INFO - Initializing Unified Bar Exam Tutor v4.0
2025-10-05 22:01:35,522 - INFO - Tutor initialized successfully
2025-10-05 22:01:56,385 - INFO - Initializing Unified Bar Exam Tutor v4.0
2025-10-05 22:01:56,385 - INFO - Tutor initialized successfully
2025-10-05 22:02:42,074 - INFO - Initializing Unified Bar Exam Tutor v4.0
2025-10-05 22:02:42,074 - INFO - Tutor initialized successfully
2025-10-05 22:02:48,609 - INFO - Initializing Unified Bar Exam Tutor v4.0
2025-10-05 22:02:48,609 - INFO - Tutor initialized successfully
2025-10-05 22:02:54,054 - INFO - Initializing Unified Bar Exam Tutor v4.0
2025-10-05 22:02:54,054 - INFO - Tutor initialized successfully
2025-10-05 22:03:48,978 - INFO - Initializing Unified Bar Exam Tutor v4.0
2025-10-05 22:03:48,979 - INFO - Tutor initialized successfully
2025-10-05 22:03:55,966 - INFO - Initializing Unified Bar Exam Tutor v4.0
2025-10-05 22:03:55,966 - INFO - Tutor initialized successfully
2025-10-05 22:05:17,659 - INFO - Initializing Unified Bar Exam Tutor v4.0
2025-10-05 22:05:17,659 - INFO - Tutor initialized successfully
2025-10-05 22:05:26,705 - INFO - Initializing Unified Bar Exam Tutor v4.0
2025-10-05 22:05:26,706 - INFO - Tutor initialized successfully
2025-10-05 22:07:19,049 - INFO - Initializing Unified Bar Exam Tutor v4.0
2025-10-05 22:07:19,050 - INFO - Tutor initialized successfully
2025-10-05 22:07:41,730 - INFO - Initializing Unified Bar Exam Tutor v5.0
2025-10-05 22:07:41,731 - INFO - Tutor initialized successfully
2025-10-05 22:10:08,529 - INFO - Initializing Unified Bar Exam Tutor v5.0
2025-10-05 22:10:08,530 - INFO - Tutor initialized successfully
2025-10-05 22:11:40,011 - INFO - Initializing Unified Bar Exam Tutor v5.0
2025-10-05 22:11:40,011 - INFO - Tutor initialized successfully
2025-10-05 22:12:33,710 - INFO - Initializing Unified Bar Exam Tutor v5.0
2025-10-05 22:12:33,710 - INFO - Tutor initialized successfully
2025-10-05 22:14:00,453 - INFO - Initializing Unified Bar Exam Tutor v5.0
2025-10-05 22:14:00,453 - INFO - Tutor initialized successfully
2025-10-05 22:14:00,454 - ERROR - Error: EOF when reading a line
Traceback (most recent call last):
  File "/Users/bcwelling/Documents/GitHub/first-rep/bar_tutor_unified.py", line 1925, in run_menu
    self._reasoning_chain_menu()
    ~~~~~~~~~~~~~~~~~~~~~~~~~~^^
  File "/Users/bcwelling/Documents/GitHub/first-rep/bar_tutor_unified.py", line 1989, in _reasoning_chain_menu
    concept_id = input("\nEnter concept ID: ").strip()
                 ~~~~~^^^^^^^^^^^^^^^^^^^^^^^^
EOFError: EOF when reading a line
2025-10-05 22:14:00,454 - ERROR - Fatal error: EOF when reading a line
Traceback (most recent call last):
  File "/Users/bcwelling/Documents/GitHub/first-rep/bar_tutor_unified.py", line 2053, in main
    tutor.run_menu()
    ~~~~~~~~~~~~~~^^
  File "/Users/bcwelling/Documents/GitHub/first-rep/bar_tutor_unified.py", line 1914, in run_menu
    choice = input("\nSelect: ").strip()
             ~~~~~^^^^^^^^^^^^^^
EOFError: EOF when reading a line
2025-10-05 22:14:05,511 - INFO - Initializing Unified Bar Exam Tutor v5.0
2025-10-05 22:14:05,512 - INFO - Tutor initialized successfully
2025-10-05 22:14:32,646 - INFO - Initializing Unified Bar Exam Tutor v5.0
2025-10-05 22:14:32,646 - INFO - Tutor initialized successfully
2025-10-05 22:16:18,466 - INFO - Initializing Unified Bar Exam Tutor v5.0
2025-10-05 22:16:18,466 - INFO - Tutor initialized successfully
2025-10-05 22:20:56,908 - INFO - Initializing Unified Bar Exam Tutor v5.0
2025-10-05 22:20:56,908 - INFO - Tutor initialized successfully
2025-10-05 22:25:41,374 - INFO - Initializing Unified Bar Exam Tutor v5.0
2025-10-05 22:25:41,374 - INFO - Tutor initialized successfully
2025-10-05 22:25:46,258 - INFO - Initializing Unified Bar Exam Tutor v5.0
2025-10-05 22:25:46,258 - INFO - Tutor initialized successfully
2025-10-05 22:26:28,824 - INFO - Initializing Unified Bar Exam Tutor v5.0
2025-10-05 22:26:28,824 - INFO - Tutor initialized successfully
2025-10-05 22:26:47,395 - INFO - Initializing Unified Bar Exam Tutor v5.0
2025-10-05 22:26:47,396 - INFO - Tutor initialized successfully
2025-10-05 22:26:58,324 - INFO - Initializing Unified Bar Exam Tutor v5.0
2025-10-05 22:26:58,324 - INFO - Tutor initialized successfully
2025-10-05 22:39:49,204 - INFO - Initializing Unified Bar Exam Tutor v5.0
2025-10-05 22:39:49,205 - INFO - Tutor initialized successfully
2025-10-05 22:39:52,264 - INFO - Initializing Unified Bar Exam Tutor v5.0
2025-10-05 22:39:52,264 - INFO - Tutor initialized successfully
2025-10-05 22:43:31,695 - INFO - Initializing Unified Bar Exam Tutor v5.0
2025-10-05 22:43:31,696 - INFO - Tutor initialized successfully
2025-10-05 22:43:31,696 - ERROR - Fatal error: EOF when reading a line
Traceback (most recent call last):
  File "/Users/bcwelling/Documents/GitHub/first-rep/bar_tutor_unified.py", line 2049, in main
    tutor.run_menu()
    ~~~~~~~~~~~~~~^^
  File "/Users/bcwelling/Documents/GitHub/first-rep/bar_tutor_unified.py", line 1719, in run_menu
    choice = input("\nSelect: ").strip()
             ~~~~~^^^^^^^^^^^^^^
EOFError: EOF when reading a line
2025-10-05 22:44:21,902 - INFO - Initializing Unified Bar Exam Tutor v5.0
2025-10-05 22:44:21,902 - INFO - Tutor initialized successfully
2025-10-05 22:47:24,680 - INFO - Initializing Unified Bar Exam Tutor v5.0
2025-10-05 22:47:24,680 - INFO - Tutor initialized successfully
2025-10-05 22:47:58,851 - INFO - Initializing Unified Bar Exam Tutor v5.0
2025-10-05 22:47:58,851 - INFO - Tutor initialized successfully
2025-10-05 22:49:05,771 - INFO - Initializing Unified Bar Exam Tutor v5.0
2025-10-05 22:49:05,771 - INFO - Tutor initialized successfully
2025-10-05 22:49:05,771 - ERROR - Fatal error: EOF when reading a line
Traceback (most recent call last):
  File "/Users/bcwelling/Documents/GitHub/first-rep/bar_tutor_unified.py", line 2049, in main
    tutor.run_menu()
    ~~~~~~~~~~~~~~^^
  File "/Users/bcwelling/Documents/GitHub/first-rep/bar_tutor_unified.py", line 1719, in run_menu
    choice = input("\nSelect: ").strip()
             ~~~~~^^^^^^^^^^^^^^
EOFError: EOF when reading a line
2025-10-05 22:49:07,683 - INFO - Initializing Unified Bar Exam Tutor v5.0
2025-10-05 22:49:07,684 - INFO - Tutor initialized successfully
2025-10-05 22:57:55,067 - INFO - Initializing Unified Bar Exam Tutor v5.0
2025-10-05 22:57:55,067 - INFO - Tutor initialized successfully
2025-10-05 22:57:55,067 - INFO - Initializing Unified Bar Exam Tutor v5.0
2025-10-05 22:57:55,067 - INFO - Tutor initialized successfully
2025-10-05 22:58:02,875 - INFO - Initializing Unified Bar Exam Tutor v5.0
2025-10-05 22:58:02,875 - INFO - Tutor initialized successfully
2025-10-05 22:58:02,875 - ERROR - Fatal error: EOF when reading a line
Traceback (most recent call last):
  File "/Users/bcwelling/Documents/GitHub/first-rep/bar_tutor_unified.py", line 2049, in main
    tutor.run_menu()
    ~~~~~~~~~~~~~~^^
  File "/Users/bcwelling/Documents/GitHub/first-rep/bar_tutor_unified.py", line 1719, in run_menu
    choice = input("\nSelect: ").strip()
             ~~~~~^^^^^^^^^^^^^^
EOFError: EOF when reading a line
2025-10-05 23:01:54,735 - INFO - Initializing Unified Bar Exam Tutor v5.0
2025-10-05 23:01:54,735 - INFO - Tutor initialized successfully
2025-10-05 23:04:59,476 - INFO - Initializing Unified Bar Exam Tutor v5.0
2025-10-05 23:04:59,476 - INFO - Tutor initialized successfully
